2024-12-19 22:10:16,472 INFO o.a.j.u.JMeterUtils: Setting Locale to en_IN
2024-12-19 22:10:16,484 INFO o.a.j.JMeter: Loading user properties from: user.properties
2024-12-19 22:10:16,484 INFO o.a.j.JMeter: Loading system properties from: system.properties
2024-12-19 22:10:16,488 INFO o.a.j.JMeter: Copyright (c) 1998-2024 The Apache Software Foundation
2024-12-19 22:10:16,488 INFO o.a.j.JMeter: Version 5.6.3
2024-12-19 22:10:16,488 INFO o.a.j.JMeter: java.version=21.0.2
2024-12-19 22:10:16,488 INFO o.a.j.JMeter: java.vm.name=Java HotSpot(TM) 64-Bit Server VM
2024-12-19 22:10:16,488 INFO o.a.j.JMeter: os.name=Mac OS X
2024-12-19 22:10:16,488 INFO o.a.j.JMeter: os.arch=aarch64
2024-12-19 22:10:16,488 INFO o.a.j.JMeter: os.version=14.5
2024-12-19 22:10:16,488 INFO o.a.j.JMeter: file.encoding=UTF-8
2024-12-19 22:10:16,488 INFO o.a.j.JMeter: java.awt.headless=null
2024-12-19 22:10:16,488 INFO o.a.j.JMeter: Max memory     =2147483648
2024-12-19 22:10:16,488 INFO o.a.j.JMeter: Available Processors =8
2024-12-19 22:10:16,494 INFO o.a.j.JMeter: Default Locale=English (India)
2024-12-19 22:10:16,494 INFO o.a.j.JMeter: JMeter  Locale=English (India)
2024-12-19 22:10:16,494 INFO o.a.j.JMeter: JMeterHome=/Users/sarthakahluwalia/Downloads/HUB/apache-jmeter-5.6.3
2024-12-19 22:10:16,494 INFO o.a.j.JMeter: user.dir  =/Users/sarthakahluwalia/Downloads/HUB/apache-jmeter-5.6.3/bin
2024-12-19 22:10:16,494 INFO o.a.j.JMeter: PWD       =/Users/sarthakahluwalia/Downloads/HUB/apache-jmeter-5.6.3/bin
2024-12-19 22:10:16,509 INFO o.a.j.JMeter: IP: 192.168.1.33 Name: Sarthaks-MacBook-Pro.local FullName: 192.168.1.33
2024-12-19 22:10:16,517 INFO o.a.j.JMeter: Loaded icon properties from org/apache/jmeter/images/icon.properties
2024-12-19 22:10:16,833 INFO o.a.j.JMeterGuiLauncher: Setting LAF to: com.github.weisj.darklaf.DarkLaf:com.github.weisj.darklaf.theme.DarculaTheme
2024-12-19 22:10:51,225 INFO o.a.j.s.FileServer: Default base='/Users/sarthakahluwalia/Downloads/HUB/apache-jmeter-5.6.3/bin'
2024-12-19 22:10:51,227 INFO o.a.j.g.a.Load: Loading file: /Users/sarthakahluwalia/GraphqlJmeter.jmx
2024-12-19 22:10:51,227 INFO o.a.j.s.FileServer: Set new base='/Users/sarthakahluwalia'
2024-12-19 22:10:51,337 INFO o.a.j.s.SaveService: Testplan (JMX) version: 2.2. Testlog (JTL) version: 2.2
2024-12-19 22:10:51,358 INFO o.a.j.s.SaveService: Using SaveService properties version 5.0
2024-12-19 22:10:51,358 INFO o.a.j.s.SaveService: Using SaveService properties file encoding UTF-8
2024-12-19 22:10:51,359 INFO o.a.j.s.SaveService: Loading file: /Users/sarthakahluwalia/GraphqlJmeter.jmx
2024-12-19 22:10:51,359 WARN o.a.j.g.a.Load: Error reading file. java.io.FileNotFoundException: /Users/sarthakahluwalia/GraphqlJmeter.jmx (No such file or directory)
2024-12-19 22:10:51,359 ERROR o.a.j.u.JMeterUtils: /Users/sarthakahluwalia/GraphqlJmeter.jmx (No such file or directory)
2024-12-19 22:11:01,427 INFO o.a.j.g.a.Load: Loading file: /Users/sarthakahluwalia/Downloads/GraphqlJmeter.jmx
2024-12-19 22:11:01,427 INFO o.a.j.s.FileServer: Set new base='/Users/sarthakahluwalia/Downloads'
2024-12-19 22:11:01,427 INFO o.a.j.s.SaveService: Loading file: /Users/sarthakahluwalia/Downloads/GraphqlJmeter.jmx
2024-12-19 22:11:01,449 INFO o.a.j.p.h.s.HTTPSamplerBase: Parser for text/html is org.apache.jmeter.protocol.http.parser.LagartoBasedHtmlParser
2024-12-19 22:11:01,449 INFO o.a.j.p.h.s.HTTPSamplerBase: Parser for application/xhtml+xml is org.apache.jmeter.protocol.http.parser.LagartoBasedHtmlParser
2024-12-19 22:11:01,449 INFO o.a.j.p.h.s.HTTPSamplerBase: Parser for application/xml is org.apache.jmeter.protocol.http.parser.LagartoBasedHtmlParser
2024-12-19 22:11:01,449 INFO o.a.j.p.h.s.HTTPSamplerBase: Parser for text/xml is org.apache.jmeter.protocol.http.parser.LagartoBasedHtmlParser
2024-12-19 22:11:01,449 INFO o.a.j.p.h.s.HTTPSamplerBase: Parser for text/vnd.wap.wml is org.apache.jmeter.protocol.http.parser.RegexpHTMLParser
2024-12-19 22:11:01,449 INFO o.a.j.p.h.s.HTTPSamplerBase: Parser for text/css is org.apache.jmeter.protocol.http.parser.CssParser
2024-12-19 22:11:01,524 INFO o.a.j.s.SampleResult: Note: Sample TimeStamps are START times
2024-12-19 22:11:01,524 INFO o.a.j.s.SampleResult: sampleresult.default.encoding is set to UTF-8
2024-12-19 22:11:01,524 INFO o.a.j.s.SampleResult: sampleresult.useNanoTime=true
2024-12-19 22:11:01,524 INFO o.a.j.s.SampleResult: sampleresult.nanoThreadSleep=5000
2024-12-19 22:11:01,616 INFO o.a.j.s.FileServer: Set new base='/Users/sarthakahluwalia/Downloads'
2024-12-19 23:32:18,006 INFO o.a.j.e.StandardJMeterEngine: Running the test!
2024-12-19 23:32:18,007 INFO o.a.j.s.SampleEvent: List of sample_variables: []
2024-12-19 23:32:18,007 INFO o.a.j.s.SampleEvent: List of sample_variables: []
2024-12-19 23:32:18,008 INFO o.a.j.e.u.CompoundVariable: Note: Function class names must contain the string: '.functions.'
2024-12-19 23:32:18,008 INFO o.a.j.e.u.CompoundVariable: Note: Function class names must not contain the string: '.gui.'
2024-12-19 23:32:18,040 INFO o.a.j.g.u.JMeterMenuBar: setRunning(true, *local*)
2024-12-19 23:32:18,041 INFO o.a.j.e.StandardJMeterEngine: Starting setUp thread groups
2024-12-19 23:32:18,041 INFO o.a.j.e.StandardJMeterEngine: Starting setUp ThreadGroup: 1 : setUp Thread Group 
2024-12-19 23:32:18,041 INFO o.a.j.e.StandardJMeterEngine: Starting 5 threads for group setUp Thread Group.
2024-12-19 23:32:18,041 INFO o.a.j.e.StandardJMeterEngine: Thread will continue on error
2024-12-19 23:32:18,041 INFO o.a.j.t.ThreadGroup: Starting thread group... number=1 threads=5 ramp-up=1 delayedStart=false
2024-12-19 23:32:18,043 INFO o.a.j.t.JMeterThread: Thread started: setUp Thread Group 1-1
2024-12-19 23:32:18,044 INFO o.a.j.t.ThreadGroup: Started thread group number 1
2024-12-19 23:32:18,044 INFO o.a.j.e.StandardJMeterEngine: Waiting for all setup thread groups to exit
2024-12-19 23:32:18,053 INFO o.a.j.p.h.s.HTTPHCAbstractImpl: Local host = Sarthaks-MacBook-Pro.local
2024-12-19 23:32:18,057 INFO o.a.j.p.h.s.HTTPHC4Impl: HTTP request retry count = 0
2024-12-19 23:32:18,215 INFO o.a.j.p.h.s.h.LazyLayeredConnectionSocketFactory: Setting up HTTPS TrustAll Socket Factory
2024-12-19 23:32:18,217 INFO o.a.j.u.JsseSSLManager: Using default SSL protocol: TLS
2024-12-19 23:32:18,217 INFO o.a.j.u.JsseSSLManager: SSL session context: per-thread
2024-12-19 23:32:18,247 INFO o.a.j.t.JMeterThread: Thread started: setUp Thread Group 1-2
2024-12-19 23:32:18,446 INFO o.a.j.t.JMeterThread: Thread started: setUp Thread Group 1-3
2024-12-19 23:32:18,578 INFO o.a.j.u.SSLManager: JmeterKeyStore Location:  type JKS
2024-12-19 23:32:18,580 INFO o.a.j.u.SSLManager: KeyStore created OK
2024-12-19 23:32:18,580 WARN o.a.j.u.SSLManager: Keystore file not found, loading empty keystore
2024-12-19 23:32:18,647 INFO o.a.j.t.JMeterThread: Thread started: setUp Thread Group 1-4
2024-12-19 23:32:18,847 INFO o.a.j.t.JMeterThread: Thread started: setUp Thread Group 1-5
2024-12-19 23:32:32,330 INFO o.a.j.g.a.Start: Stopping test
2024-12-19 23:32:32,357 INFO o.a.j.t.JMeterThread: Stopping: setUp Thread Group 1-3
2024-12-19 23:32:32,357 WARN o.a.j.t.JMeterThread: Interrupting: setUp Thread Group 1-3 sampler: Graphql HTTP Request
2024-12-19 23:32:32,361 INFO o.a.j.t.JMeterThread: Stopping: setUp Thread Group 1-1
2024-12-19 23:32:32,361 WARN o.a.j.t.JMeterThread: Interrupting: setUp Thread Group 1-1 sampler: Graphql HTTP Request
2024-12-19 23:32:32,361 INFO o.a.j.t.JMeterThread: Stopping: setUp Thread Group 1-4
2024-12-19 23:32:32,361 WARN o.a.j.t.JMeterThread: Interrupting: setUp Thread Group 1-4 sampler: Graphql HTTP Request
2024-12-19 23:32:32,362 INFO o.a.j.t.JMeterThread: Stopping: setUp Thread Group 1-5
2024-12-19 23:32:32,362 WARN o.a.j.t.JMeterThread: Interrupting: setUp Thread Group 1-5 sampler: Graphql HTTP Request
2024-12-19 23:32:32,362 INFO o.a.j.t.JMeterThread: Thread finished: setUp Thread Group 1-1
2024-12-19 23:32:32,362 INFO o.a.j.t.JMeterThread: Stopping: setUp Thread Group 1-2
2024-12-19 23:32:32,362 INFO o.a.j.t.JMeterThread: Thread finished: setUp Thread Group 1-3
2024-12-19 23:32:32,362 WARN o.a.j.t.JMeterThread: Interrupting: setUp Thread Group 1-2 sampler: Graphql HTTP Request
2024-12-19 23:32:32,362 INFO o.a.j.t.JMeterThread: Thread finished: setUp Thread Group 1-5
2024-12-19 23:32:32,362 INFO o.a.j.t.JMeterThread: Thread finished: setUp Thread Group 1-4
2024-12-19 23:32:32,363 INFO o.a.j.t.JMeterThread: Thread finished: setUp Thread Group 1-2
2024-12-19 23:32:32,363 INFO o.a.j.e.StandardJMeterEngine: All Setup Threads have ended
2024-12-19 23:32:32,388 INFO o.a.j.e.StandardJMeterEngine: No enabled thread groups found
2024-12-19 23:32:32,388 INFO o.a.j.e.StandardJMeterEngine: Notifying test listeners of end of test
2024-12-19 23:32:32,388 INFO o.a.j.g.u.JMeterMenuBar: setRunning(false, *local*)
